0 info it worked if it ends with ok
1 verbose cli [ '/usr/local/bin/node', '/usr/local/bin/npm', 'publish' ]
2 info using npm@2.14.12
3 info using node@v4.3.1
4 verbose publish [ '.' ]
5 silly cache add args [ '.', null ]
6 verbose cache add spec .
7 silly cache add parsed spec Result {
7 silly cache add   raw: '.',
7 silly cache add   scope: null,
7 silly cache add   name: null,
7 silly cache add   rawSpec: '.',
7 silly cache add   spec: '/Users/trasukg/devel/utils-for-aprs',
7 silly cache add   type: 'directory' }
8 verbose addLocalDirectory /Users/trasukg/.npm/utils-for-aprs/1.0.0/package.tgz not in flight; packing
9 verbose tar pack [ '/Users/trasukg/.npm/utils-for-aprs/1.0.0/package.tgz',
9 verbose tar pack   '/Users/trasukg/devel/utils-for-aprs' ]
10 verbose tarball /Users/trasukg/.npm/utils-for-aprs/1.0.0/package.tgz
11 verbose folder /Users/trasukg/devel/utils-for-aprs
12 info prepublish utils-for-aprs@1.0.0
13 verbose addLocalTarball adding from inside cache /Users/trasukg/.npm/utils-for-aprs/1.0.0/package.tgz
14 silly cache afterAdd utils-for-aprs@1.0.0
15 verbose afterAdd /Users/trasukg/.npm/utils-for-aprs/1.0.0/package/package.json not in flight; writing
16 verbose afterAdd /Users/trasukg/.npm/utils-for-aprs/1.0.0/package/package.json written
17 silly publish { name: 'utils-for-aprs',
17 silly publish   version: '1.0.0',
17 silly publish   description: 'A suite of utilities for Advanced Packet Reporting System over a KISS TNC.',
17 silly publish   main: 'index.js',
17 silly publish   scripts: { test: 'jasmine' },
17 silly publish   author: { name: 'Greg Trasuk' },
17 silly publish   license: 'Apache-2.0',
17 silly publish   dependencies: { lex: '^1.7.9', serialport: '^2.0.6', 'sprintf-js': '^1.0.3' },
17 silly publish   repository:
17 silly publish    { type: 'git',
17 silly publish      url: 'git+ssh://git@github.com/trasukg/utils-for-aprs.git' },
17 silly publish   readme: '# Utilities for APRS under Node.js\n\nAPRS is the Advanced Packet Reporting System, designed by Bob Bruninga, WB4APR.\n\nIt uses the Un-numbered Information (UI) packets of the AX.25 protocol to allow\nfor stations to broadcast small information packets and messages to the other\nstations in the surrounding area (typically the local area covered by a digital\nrepeater, or digipeater).\n\nThis module is a set of utilities for dealing with "RF" packets, in other words\nthe part of APRS that involves connecting a computer to a packet modem and\nthen to a radio, in order to monitor and send APRS information over the air\nin a local area.  Currently these utilities don\'t deal with \'APRS-IS\',\nthe internet server part of APRS.  That may happen in the future, but right now\nthe focus is on making it possible to deploy a portable station that uses\nmodern techniques to provide an APRS client.\n\nAs I start this effort in 2016, the two most popular APRS clients for Linux\nsystems (like the RPi) seem to be [Xastir](https://xastir.org) and\n[YAAC - Yet Another APRS Client](http://ka2ddo.org/ka2ddo/YAAC.html).\n\nAlthough these two clients are well-established, open-source, and I assume well-written,\nfrom my perspective, there are a couple of reasons I decided not to use them\nas a starting point.  I mention them here not to criticize either project, but\nto give the reader an idea where I\'m coming from, and to explain the design\ngoals behind this project and associated work.\n\n* YAAC is written in Java.  That\'s good, but ordinarily with Java I\'d want\nto use Maven to pull the library from Maven Central.  YAAC isn\'t in Maven\nCentral, and although I could build it locally, it doesn\'t look to be\nstructured in a Maven-friendly fashion.\n* Xastir is written in \'C\'.  Using the Motif (Xm) library.  I hated programming with Motif when\nit was new back in 1990, never mind now.\n* My goal is to provide a webapp-based client.  Xastir is a non-starter from\nthat perspective.\n* Either of the languages above are likely to discourage community\nparticipation.  Especially the \'C\' part.\n* Both Xastir and YAAC are GPL-licensed.  I\'m more partial to Apache.\n* I happen to be playing with \'Node.js\' a lot lately.\n\nThese utilities are licensed under the Apache Software License, version 2.\nIn fact, if we can build a community around APRS on Node.js, I\'d love to see\nthe project go through incubation at the ASF.\n\nCheers,\n\nGreg Trasuk, VA3TSK\n\nThe phrase APRS is a registered trademark of Bob Bruninga WB4APR.\n',
17 silly publish   readmeFilename: 'README.md',
17 silly publish   gitHead: 'c3722e6235e374d873bd2f853f15b07a969b9b20',
17 silly publish   bugs: { url: 'https://github.com/trasukg/utils-for-aprs/issues' },
17 silly publish   homepage: 'https://github.com/trasukg/utils-for-aprs#readme',
17 silly publish   _id: 'utils-for-aprs@1.0.0',
17 silly publish   _shasum: 'aff33ed947ed48554e807dc7082c28a037e8cfcc',
17 silly publish   _from: '.' }
18 verbose getPublishConfig undefined
19 silly mapToRegistry name utils-for-aprs
20 silly mapToRegistry using default registry
21 silly mapToRegistry registry https://registry.npmjs.org/
22 silly mapToRegistry uri https://registry.npmjs.org/utils-for-aprs
23 verbose publish registryBase https://registry.npmjs.org/
24 silly publish uploading /Users/trasukg/.npm/utils-for-aprs/1.0.0/package.tgz
25 verbose request uri https://registry.npmjs.org/utils-for-aprs
26 verbose request sending authorization for write operation
27 info attempt registry request try #1 at 1:38:55 AM
28 verbose request using bearer token for auth
29 verbose request id 4d732d83074fa000
30 http request PUT https://registry.npmjs.org/utils-for-aprs
31 http 403 https://registry.npmjs.org/utils-for-aprs
32 verbose headers { 'content-type': 'application/json',
32 verbose headers   'cache-control': 'max-age=300',
32 verbose headers   'content-length': '95',
32 verbose headers   'accept-ranges': 'bytes',
32 verbose headers   date: 'Mon, 22 Aug 2016 05:38:56 GMT',
32 verbose headers   via: '1.1 varnish',
32 verbose headers   connection: 'keep-alive',
32 verbose headers   'x-served-by': 'cache-yyz8320-YYZ',
32 verbose headers   'x-cache': 'MISS',
32 verbose headers   'x-cache-hits': '0',
32 verbose headers   'x-timer': 'S1471844336.002243,VS0,VE523',
32 verbose headers   vary: 'Accept-Encoding' }
33 verbose request invalidating /Users/trasukg/.npm/registry.npmjs.org/utils-for-aprs on PUT
34 error publish Failed PUT 403
35 verbose stack Error: "You cannot publish over the previously published version 1.0.0." : utils-for-aprs
35 verbose stack     at makeError (/usr/local/lib/node_modules/npm/node_modules/npm-registry-client/lib/request.js:264:12)
35 verbose stack     at CachingRegistryClient.<anonymous> (/usr/local/lib/node_modules/npm/node_modules/npm-registry-client/lib/request.js:252:14)
35 verbose stack     at Request._callback (/usr/local/lib/node_modules/npm/node_modules/npm-registry-client/lib/request.js:172:14)
35 verbose stack     at Request.self.callback (/usr/local/lib/node_modules/npm/node_modules/request/request.js:198:22)
35 verbose stack     at emitTwo (events.js:87:13)
35 verbose stack     at Request.emit (events.js:172:7)
35 verbose stack     at Request.<anonymous> (/usr/local/lib/node_modules/npm/node_modules/request/request.js:1082:10)
35 verbose stack     at emitOne (events.js:82:20)
35 verbose stack     at Request.emit (events.js:169:7)
35 verbose stack     at IncomingMessage.<anonymous> (/usr/local/lib/node_modules/npm/node_modules/request/request.js:1009:12)
36 verbose statusCode 403
37 verbose pkgid utils-for-aprs
38 verbose cwd /Users/trasukg/devel/utils-for-aprs
39 error Darwin 15.6.0
40 error argv "/usr/local/bin/node" "/usr/local/bin/npm" "publish"
41 error node v4.3.1
42 error npm  v2.14.12
43 error code E403
44 error "You cannot publish over the previously published version 1.0.0." : utils-for-aprs
45 error If you need help, you may report this error at:
45 error     <https://github.com/npm/npm/issues>
46 verbose exit [ 1, true ]
